<?xml version="1.0" encoding="UTF-8" ?>
<testsuite tests="32" failures="0" name="runner.TestRunner" time="0.027" errors="0" skipped="0">
  <properties>
    <property name="java.runtime.name" value="Java(TM) SE Runtime Environment"/>
    <property name="sun.boot.library.path" value="C:\Program Files\Java\jdk1.8.0_201\jre\bin"/>
    <property name="java.vm.version" value="25.201-b09"/>
    <property name="java.vm.vendor" value="Oracle Corporation"/>
    <property name="maven.multiModuleProjectDirectory" value="E:\AutomationPractice\automationpractice"/>
    <property name="java.vendor.url" value="http://java.oracle.com/"/>
    <property name="path.separator" value=";"/>
    <property name="guice.disable.misplaced.annotation.check" value="true"/>
    <property name="java.vm.name" value="Java HotSpot(TM) 64-Bit Server VM"/>
    <property name="file.encoding.pkg" value="sun.io"/>
    <property name="user.script" value=""/>
    <property name="user.country" value="US"/>
    <property name="sun.java.launcher" value="SUN_STANDARD"/>
    <property name="sun.os.patch.level" value=""/>
    <property name="java.vm.specification.name" value="Java Virtual Machine Specification"/>
    <property name="user.dir" value="E:\AutomationPractice\automationpractice"/>
    <property name="java.runtime.version" value="1.8.0_201-b09"/>
    <property name="java.awt.graphicsenv" value="sun.awt.Win32GraphicsEnvironment"/>
    <property name="java.endorsed.dirs" value="C:\Program Files\Java\jdk1.8.0_201\jre\lib\endorsed"/>
    <property name="os.arch" value="amd64"/>
    <property name="java.io.tmpdir" value="C:\Users\user\AppData\Local\Temp\"/>
    <property name="line.separator" value="
"/>
    <property name="java.vm.specification.vendor" value="Oracle Corporation"/>
    <property name="user.variant" value=""/>
    <property name="os.name" value="Windows 10"/>
    <property name="classworlds.conf" value="E:\apache-maven-3.6.0-bin\apache-maven-3.6.0\bin\..\bin\m2.conf"/>
    <property name="sun.jnu.encoding" value="Cp1252"/>
    <property name="java.library.path" value="C:\Program Files\Java\jdk1.8.0_201\bin;C:\WINDOWS\Sun\Java\bin;C:\WINDOWS\system32;C:\WINDOWS;C:\ProgramData\Oracle\Java\javapath;C:\WINDOWS\system32;C:\WINDOWS;C:\WINDOWS\System32\Wbem;C:\WINDOWS\System32\WindowsPowerShell\v1.0\;C:\Program Files\Java\jdk1.8.0_201;E:\apache-maven-3.6.0-bin\apache-maven-3.6.0\bin;C:\Program Files\nodejs\;C:\Program Files\Git\cmd;C:\Users\user\AppData\Roaming\npm;C:\Users\user\AppData\Local\Programs\Microsoft VS Code\bin;C:\Program Files\Docker Toolbox;C:\Program Files\Java\jdk1.8.0_201\bin;."/>
    <property name="maven.conf" value="E:\apache-maven-3.6.0-bin\apache-maven-3.6.0\bin\../conf"/>
    <property name="java.specification.name" value="Java Platform API Specification"/>
    <property name="java.class.version" value="52.0"/>
    <property name="sun.management.compiler" value="HotSpot 64-Bit Tiered Compilers"/>
    <property name="os.version" value="10.0"/>
    <property name="library.jansi.path" value="E:\apache-maven-3.6.0-bin\apache-maven-3.6.0\bin\..\lib\jansi-native"/>
    <property name="user.home" value="C:\Users\user"/>
    <property name="user.timezone" value="Asia/Calcutta"/>
    <property name="java.awt.printerjob" value="sun.awt.windows.WPrinterJob"/>
    <property name="java.specification.version" value="1.8"/>
    <property name="file.encoding" value="Cp1252"/>
    <property name="user.name" value="user"/>
    <property name="java.class.path" value="E:\apache-maven-3.6.0-bin\apache-maven-3.6.0\bin\..\boot\plexus-classworlds-2.5.2.jar"/>
    <property name="java.vm.specification.version" value="1.8"/>
    <property name="sun.arch.data.model" value="64"/>
    <property name="java.home" value="C:\Program Files\Java\jdk1.8.0_201\jre"/>
    <property name="sun.java.command" value="org.codehaus.plexus.classworlds.launcher.Launcher test"/>
    <property name="java.specification.vendor" value="Oracle Corporation"/>
    <property name="user.language" value="en"/>
    <property name="awt.toolkit" value="sun.awt.windows.WToolkit"/>
    <property name="java.vm.info" value="mixed mode"/>
    <property name="java.version" value="1.8.0_201"/>
    <property name="java.ext.dirs" value="C:\Program Files\Java\jdk1.8.0_201\jre\lib\ext;C:\WINDOWS\Sun\Java\lib\ext"/>
    <property name="sun.boot.class.path" value="C:\Program Files\Java\jdk1.8.0_201\jre\lib\resources.jar;C:\Program Files\Java\jdk1.8.0_201\jre\lib\rt.jar;C:\Program Files\Java\jdk1.8.0_201\jre\lib\sunrsasign.jar;C:\Program Files\Java\jdk1.8.0_201\jre\lib\jsse.jar;C:\Program Files\Java\jdk1.8.0_201\jre\lib\jce.jar;C:\Program Files\Java\jdk1.8.0_201\jre\lib\charsets.jar;C:\Program Files\Java\jdk1.8.0_201\jre\lib\jfr.jar;C:\Program Files\Java\jdk1.8.0_201\jre\classes"/>
    <property name="sun.stderr.encoding" value="cp437"/>
    <property name="java.vendor" value="Oracle Corporation"/>
    <property name="maven.home" value="E:\apache-maven-3.6.0-bin\apache-maven-3.6.0\bin\.."/>
    <property name="file.separator" value="\"/>
    <property name="java.vendor.url.bug" value="http://bugreport.sun.com/bugreport/"/>
    <property name="sun.cpu.endian" value="little"/>
    <property name="sun.io.unicode.encoding" value="UnicodeLittle"/>
    <property name="sun.stdout.encoding" value="cp437"/>
    <property name="sun.desktop" value="windows"/>
    <property name="sun.cpu.isalist" value="amd64"/>
  </properties>
  <testcase classname="| Sanvi |  | Dahi |  | 1234567890 |  | sanvi01@gmail.com |  | Pune |  | Pune |  | MH |  | 411057 |  | INDIA |  | Sanvi02 |  | Temp@123 |  | Temp@123 |" name="Given User is on Home Page" time="0.005"/>
  <testcase classname="| Sanvi |  | Dahi |  | 1234567890 |  | sanvi01@gmail.com |  | Pune |  | Pune |  | MH |  | 411057 |  | INDIA |  | Sanvi02 |  | Temp@123 |  | Temp@123 |" name="When User clicks on Register link" time="0.001"/>
  <testcase classname="| Sanvi |  | Dahi |  | 1234567890 |  | sanvi01@gmail.com |  | Pune |  | Pune |  | MH |  | 411057 |  | INDIA |  | Sanvi02 |  | Temp@123 |  | Temp@123 |" name="And User enter Contact Information  &quot;Sanvi&quot; &quot;Dahi&quot; &quot;1234567890&quot;&quot;sanvi01@gmail.com&quot;" time="0"/>
  <testcase classname="| Sanvi |  | Dahi |  | 1234567890 |  | sanvi01@gmail.com |  | Pune |  | Pune |  | MH |  | 411057 |  | INDIA |  | Sanvi02 |  | Temp@123 |  | Temp@123 |" name="And User enter Mailing Information  &quot;Pune&quot;&quot;Pune&quot;&quot;MH&quot;&quot;411057&quot;&quot;INDIA&quot;" time="0.001"/>
  <testcase classname="| Sanvi |  | Dahi |  | 1234567890 |  | sanvi01@gmail.com |  | Pune |  | Pune |  | MH |  | 411057 |  | INDIA |  | Sanvi02 |  | Temp@123 |  | Temp@123 |" name="And User enter User Information  &quot;Sanvi02&quot;&quot;Temp@123&quot;&quot;Temp@123&quot;" time="0"/>
  <testcase classname="| Sanvi |  | Dahi |  | 1234567890 |  | sanvi01@gmail.com |  | Pune |  | Pune |  | MH |  | 411057 |  | INDIA |  | Sanvi02 |  | Temp@123 |  | Temp@123 |" name="Then User clicks on Submit button" time="0.001"/>
  <testcase classname="| Sanvi |  | Dahi |  | 1234567890 |  | sanvi01@gmail.com |  | Pune |  | Pune |  | MH |  | 411057 |  | INDIA |  | Sanvi02 |  | Temp@123 |  | Temp@123 |" name="Then User is registered" time="0"/>
  <testcase classname="| Sanvi |  | Dahi |  | 1234567890 |  | sanvi01@gmail.com |  | Pune |  | Pune |  | MH |  | 411057 |  | INDIA |  | Sanvi02 |  | Temp@123 |  | Temp@123 |" name="| Sanvi |  | Dahi |  | 1234567890 |  | sanvi01@gmail.com |  | Pune |  | Pune |  | MH |  | 411057 |  | INDIA |  | Sanvi02 |  | Temp@123 |  | Temp@123 |" time="0.003"/>
  <testcase classname="| Valli |  | Ghul |  | 2234567890 |  | sanvi02@gmail.com |  | Pune |  | Pune |  | MH |  | 411057 |  | INDIA |  | Sanvi02 |  | Temp@456 |  | Temp@456 |" name="Given User is on Home Page" time="0.001"/>
  <testcase classname="| Valli |  | Ghul |  | 2234567890 |  | sanvi02@gmail.com |  | Pune |  | Pune |  | MH |  | 411057 |  | INDIA |  | Sanvi02 |  | Temp@456 |  | Temp@456 |" name="When User clicks on Register link" time="0"/>
  <testcase classname="| Valli |  | Ghul |  | 2234567890 |  | sanvi02@gmail.com |  | Pune |  | Pune |  | MH |  | 411057 |  | INDIA |  | Sanvi02 |  | Temp@456 |  | Temp@456 |" name="And User enter Contact Information  &quot;Valli&quot; &quot;Ghul&quot; &quot;2234567890&quot;&quot;sanvi02@gmail.com&quot;" time="0.001"/>
  <testcase classname="| Valli |  | Ghul |  | 2234567890 |  | sanvi02@gmail.com |  | Pune |  | Pune |  | MH |  | 411057 |  | INDIA |  | Sanvi02 |  | Temp@456 |  | Temp@456 |" name="And User enter Mailing Information  &quot;Pune&quot;&quot;Pune&quot;&quot;MH&quot;&quot;411057&quot;&quot;INDIA&quot;" time="0.001"/>
  <testcase classname="| Valli |  | Ghul |  | 2234567890 |  | sanvi02@gmail.com |  | Pune |  | Pune |  | MH |  | 411057 |  | INDIA |  | Sanvi02 |  | Temp@456 |  | Temp@456 |" name="And User enter User Information  &quot;Sanvi02&quot;&quot;Temp@456&quot;&quot;Temp@456&quot;" time="0.001"/>
  <testcase classname="| Valli |  | Ghul |  | 2234567890 |  | sanvi02@gmail.com |  | Pune |  | Pune |  | MH |  | 411057 |  | INDIA |  | Sanvi02 |  | Temp@456 |  | Temp@456 |" name="Then User clicks on Submit button" time="0"/>
  <testcase classname="| Valli |  | Ghul |  | 2234567890 |  | sanvi02@gmail.com |  | Pune |  | Pune |  | MH |  | 411057 |  | INDIA |  | Sanvi02 |  | Temp@456 |  | Temp@456 |" name="Then User is registered" time="0"/>
  <testcase classname="| Valli |  | Ghul |  | 2234567890 |  | sanvi02@gmail.com |  | Pune |  | Pune |  | MH |  | 411057 |  | INDIA |  | Sanvi02 |  | Temp@456 |  | Temp@456 |" name="| Valli |  | Ghul |  | 2234567890 |  | sanvi02@gmail.com |  | Pune |  | Pune |  | MH |  | 411057 |  | INDIA |  | Sanvi02 |  | Temp@456 |  | Temp@456 |" time="0.004"/>
  <testcase classname="| Adi |  | Gar |  | 3234567890 |  | sanvi03@gmail.com |  | Pune |  | Pune |  | MH |  | 411057 |  | INDIA |  | Sanvi02 |  | Temp@789 |  | Temp@789 |" name="Given User is on Home Page" time="0"/>
  <testcase classname="| Adi |  | Gar |  | 3234567890 |  | sanvi03@gmail.com |  | Pune |  | Pune |  | MH |  | 411057 |  | INDIA |  | Sanvi02 |  | Temp@789 |  | Temp@789 |" name="When User clicks on Register link" time="0"/>
  <testcase classname="| Adi |  | Gar |  | 3234567890 |  | sanvi03@gmail.com |  | Pune |  | Pune |  | MH |  | 411057 |  | INDIA |  | Sanvi02 |  | Temp@789 |  | Temp@789 |" name="And User enter Contact Information  &quot;Adi&quot; &quot;Gar&quot; &quot;3234567890&quot;&quot;sanvi03@gmail.com&quot;" time="0"/>
  <testcase classname="| Adi |  | Gar |  | 3234567890 |  | sanvi03@gmail.com |  | Pune |  | Pune |  | MH |  | 411057 |  | INDIA |  | Sanvi02 |  | Temp@789 |  | Temp@789 |" name="And User enter Mailing Information  &quot;Pune&quot;&quot;Pune&quot;&quot;MH&quot;&quot;411057&quot;&quot;INDIA&quot;" time="0.001"/>
  <testcase classname="| Adi |  | Gar |  | 3234567890 |  | sanvi03@gmail.com |  | Pune |  | Pune |  | MH |  | 411057 |  | INDIA |  | Sanvi02 |  | Temp@789 |  | Temp@789 |" name="And User enter User Information  &quot;Sanvi02&quot;&quot;Temp@789&quot;&quot;Temp@789&quot;" time="0"/>
  <testcase classname="| Adi |  | Gar |  | 3234567890 |  | sanvi03@gmail.com |  | Pune |  | Pune |  | MH |  | 411057 |  | INDIA |  | Sanvi02 |  | Temp@789 |  | Temp@789 |" name="Then User clicks on Submit button" time="0"/>
  <testcase classname="| Adi |  | Gar |  | 3234567890 |  | sanvi03@gmail.com |  | Pune |  | Pune |  | MH |  | 411057 |  | INDIA |  | Sanvi02 |  | Temp@789 |  | Temp@789 |" name="Then User is registered" time="0.001"/>
  <testcase classname="| Adi |  | Gar |  | 3234567890 |  | sanvi03@gmail.com |  | Pune |  | Pune |  | MH |  | 411057 |  | INDIA |  | Sanvi02 |  | Temp@789 |  | Temp@789 |" name="| Adi |  | Gar |  | 3234567890 |  | sanvi03@gmail.com |  | Pune |  | Pune |  | MH |  | 411057 |  | INDIA |  | Sanvi02 |  | Temp@789 |  | Temp@789 |" time="0.003"/>
  <testcase classname="| Amar |  | Dahi |  | 1234567890 |  | Amar123@gmail.com |  | Pune |  | Pune |  | MH |  | 411057 |  | INDIA |  | Sanvi02 |  | Temp@123 |  | Temp@123 |" name="Given User is on Home Page" time="0"/>
  <testcase classname="| Amar |  | Dahi |  | 1234567890 |  | Amar123@gmail.com |  | Pune |  | Pune |  | MH |  | 411057 |  | INDIA |  | Sanvi02 |  | Temp@123 |  | Temp@123 |" name="When User clicks on Register link" time="0"/>
  <testcase classname="| Amar |  | Dahi |  | 1234567890 |  | Amar123@gmail.com |  | Pune |  | Pune |  | MH |  | 411057 |  | INDIA |  | Sanvi02 |  | Temp@123 |  | Temp@123 |" name="And User enter Contact Information  &quot;Amar&quot; &quot;Dahi&quot; &quot;1234567890&quot;&quot;Amar123@gmail.com&quot;" time="0"/>
  <testcase classname="| Amar |  | Dahi |  | 1234567890 |  | Amar123@gmail.com |  | Pune |  | Pune |  | MH |  | 411057 |  | INDIA |  | Sanvi02 |  | Temp@123 |  | Temp@123 |" name="And User enter Mailing Information  &quot;Pune&quot;&quot;Pune&quot;&quot;MH&quot;&quot;411057&quot;&quot;INDIA&quot;" time="0"/>
  <testcase classname="| Amar |  | Dahi |  | 1234567890 |  | Amar123@gmail.com |  | Pune |  | Pune |  | MH |  | 411057 |  | INDIA |  | Sanvi02 |  | Temp@123 |  | Temp@123 |" name="And User enter User Information  &quot;Sanvi02&quot;&quot;Temp@123&quot;&quot;Temp@123&quot;" time="0"/>
  <testcase classname="| Amar |  | Dahi |  | 1234567890 |  | Amar123@gmail.com |  | Pune |  | Pune |  | MH |  | 411057 |  | INDIA |  | Sanvi02 |  | Temp@123 |  | Temp@123 |" name="Then User clicks on Submit button" time="0"/>
  <testcase classname="| Amar |  | Dahi |  | 1234567890 |  | Amar123@gmail.com |  | Pune |  | Pune |  | MH |  | 411057 |  | INDIA |  | Sanvi02 |  | Temp@123 |  | Temp@123 |" name="Then User is registered" time="0"/>
  <testcase classname="| Amar |  | Dahi |  | 1234567890 |  | Amar123@gmail.com |  | Pune |  | Pune |  | MH |  | 411057 |  | INDIA |  | Sanvi02 |  | Temp@123 |  | Temp@123 |" name="| Amar |  | Dahi |  | 1234567890 |  | Amar123@gmail.com |  | Pune |  | Pune |  | MH |  | 411057 |  | INDIA |  | Sanvi02 |  | Temp@123 |  | Temp@123 |" time="0.003"/>
</testsuite>